<?xml version="1.0" encoding="UTF-8"?>
<testng-results ignored="0" total="1" passed="1" failed="0" skipped="0">
  <reporter-output>
  </reporter-output>
  <suite started-at="2023-07-01T19:55:18 PDT" name="Default suite" finished-at="2023-07-01T19:55:44 PDT" duration-ms="25249">
    <groups>
    </groups>
    <test started-at="2023-07-01T19:55:18 PDT" name="Default test" finished-at="2023-07-01T19:55:44 PDT" duration-ms="25249">
      <class name="appiumGID.appiumAID.AppiumBasics">
        <test-method signature="appiumTest()[pri:0, instance:appiumGID.appiumAID.AppiumBasics@3e2e18f2]" started-at="2023-07-01T19:55:19 PDT" name="appiumTest" finished-at="2023-07-01T19:55:44 PDT" duration-ms="25204" status="PASS">
          <reporter-output>
          </reporter-output>
        </test-method> <!-- appiumTest -->
      </class> <!-- appiumGID.appiumAID.AppiumBasics -->
    </test> <!-- Default test -->
  </suite> <!-- Default suite -->
</testng-results>
