<?xml version="1.0" encoding="UTF-8"?>
<testng-results ignored="0" total="1" passed="1" failed="0" skipped="0">
  <reporter-output>
  </reporter-output>
  <suite started-at="2023-06-08T09:32:26 PDT" name="Default suite" finished-at="2023-06-08T09:32:39 PDT" duration-ms="12631">
    <groups>
    </groups>
    <test started-at="2023-06-08T09:32:26 PDT" name="Default test" finished-at="2023-06-08T09:32:39 PDT" duration-ms="12631">
      <class name="com.interview.ui">
        <test-method is-config="true" signature="beforeTest()[pri:0, instance:com.interview.ui@1677d1]" started-at="2023-06-08T09:32:26 PDT" name="beforeTest" finished-at="2023-06-08T09:32:32 PDT" duration-ms="5824" status="PASS">
          <reporter-output>
          </reporter-output>
        </test-method> <!-- beforeTest -->
        <test-method signature="actualTest()[pri:0, instance:com.interview.ui@1677d1]" started-at="2023-06-08T09:32:32 PDT" name="actualTest" finished-at="2023-06-08T09:32:38 PDT" duration-ms="5565" status="PASS">
          <reporter-output>
          </reporter-output>
        </test-method> <!-- actualTest -->
        <test-method is-config="true" signature="afterTest()[pri:0, instance:com.interview.ui@1677d1]" started-at="2023-06-08T09:32:38 PDT" name="afterTest" finished-at="2023-06-08T09:32:39 PDT" duration-ms="1201" status="PASS">
          <reporter-output>
          </reporter-output>
        </test-method> <!-- afterTest -->
      </class> <!-- com.interview.ui -->
    </test> <!-- Default test -->
  </suite> <!-- Default suite -->
</testng-results>
